<?xml version="1.0" encoding="UTF-8"?>
<testsuite name="com.example.CarRental.CarRentalApplicationTests" tests="1" skipped="0" failures="0" errors="0" timestamp="2019-11-29T07:22:17" hostname="PC_Randy" time="2.323">
  <properties/>
  <testcase name="contextLoads()" classname="com.example.CarRental.CarRentalApplicationTests" time="2.323"/>
  <system-out><![CDATA[08:22:12.356 [Test worker] DEBUG org.springframework.test.context.BootstrapUtils - Instantiating CacheAwareContextLoaderDelegate from class [org.springframework.test.context.cache.DefaultCacheAwareContextLoaderDelegate]
08:22:12.394 [Test worker] DEBUG org.springframework.test.context.BootstrapUtils - Instantiating BootstrapContext using constructor [public org.springframework.test.context.support.DefaultBootstrapContext(java.lang.Class,org.springframework.test.context.CacheAwareContextLoaderDelegate)]
08:22:12.441 [Test worker] DEBUG org.springframework.test.context.BootstrapUtils - Instantiating TestContextBootstrapper for test class [com.example.CarRental.CarRentalApplicationTests] from class [org.springframework.boot.test.context.SpringBootTestContextBootstrapper]
08:22:12.471 [Test worker] INFO org.springframework.boot.test.context.SpringBootTestContextBootstrapper - Neither @ContextConfiguration nor @ContextHierarchy found for test class [com.example.CarRental.CarRentalApplicationTests], using SpringBootContextLoader
08:22:12.488 [Test worker] DEBUG org.springframework.test.context.support.AbstractContextLoader - Did not detect default resource location for test class [com.example.CarRental.CarRentalApplicationTests]: class path resource [com/example/CarRental/CarRentalApplicationTests-context.xml] does not exist
08:22:12.488 [Test worker] DEBUG org.springframework.test.context.support.AbstractContextLoader - Did not detect default resource location for test class [com.example.CarRental.CarRentalApplicationTests]: class path resource [com/example/CarRental/CarRentalApplicationTestsContext.groovy] does not exist
08:22:12.489 [Test worker] INFO org.springframework.test.context.support.AbstractContextLoader - Could not detect default resource locations for test class [com.example.CarRental.CarRentalApplicationTests]: no resource found for suffixes {-context.xml, Context.groovy}.
08:22:12.490 [Test worker] INFO org.springframework.test.context.support.AnnotationConfigContextLoaderUtils - Could not detect default configuration classes for test class [com.example.CarRental.CarRentalApplicationTests]: CarRentalApplicationTests does not declare any static, non-private, non-final, nested classes annotated with @Configuration.
08:22:12.593 [Test worker] DEBUG org.springframework.test.context.support.ActiveProfilesUtils - Could not find an 'annotation declaring class' for annotation type [org.springframework.test.context.ActiveProfiles] and class [com.example.CarRental.CarRentalApplicationTests]
08:22:12.782 [Test worker] DEBUG org.springframework.context.annotation.ClassPathScanningCandidateComponentProvider - Identified candidate component class: file [C:\Users\Randy\Documents\EFREI\M1\Cloud\Rest\CarRental\CarRental\build\classes\java\main\com\example\CarRental\CarRentalApplication.class]
08:22:12.828 [Test worker] INFO org.springframework.boot.test.context.SpringBootTestContextBootstrapper - Found @SpringBootConfiguration com.example.CarRental.CarRentalApplication for test class com.example.CarRental.CarRentalApplicationTests
08:22:13.084 [Test worker] DEBUG org.springframework.boot.test.context.SpringBootTestContextBootstrapper - @TestExecutionListeners is not present for class [com.example.CarRental.CarRentalApplicationTests]: using defaults.
08:22:13.086 [Test worker] INFO org.springframework.boot.test.context.SpringBootTestContextBootstrapper - Loaded default TestExecutionListener class names from location [META-INF/spring.factories]: [org.springframework.boot.test.autoconfigure.restdocs.RestDocsTestExecutionListener, org.springframework.boot.test.autoconfigure.web.client.MockRestServiceServerResetTestExecutionListener, org.springframework.boot.test.autoconfigure.web.servlet.MockMvcPrintOnlyOnFailureTestExecutionListener, org.springframework.boot.test.autoconfigure.web.servlet.WebDriverTestExecutionListener, org.springframework.boot.test.mock.mockito.MockitoTestExecutionListener, org.springframework.boot.test.mock.mockito.ResetMocksTestExecutionListener, org.springframework.test.context.web.ServletTestExecutionListener, org.springframework.test.context.support.DirtiesContextBeforeModesTestExecutionListener, org.springframework.test.context.support.DependencyInjectionTestExecutionListener, org.springframework.test.context.support.DirtiesContextTestExecutionListener, org.springframework.test.context.transaction.TransactionalTestExecutionListener, org.springframework.test.context.jdbc.SqlScriptsTestExecutionListener, org.springframework.test.context.event.EventPublishingTestExecutionListener]
08:22:13.114 [Test worker] DEBUG org.springframework.boot.test.context.SpringBootTestContextBootstrapper - Skipping candidate TestExecutionListener [org.springframework.test.context.transaction.TransactionalTestExecutionListener] due to a missing dependency. Specify custom listener classes or make the default listener classes and their required dependencies available. Offending class: [org/springframework/transaction/interceptor/TransactionAttributeSource]
08:22:13.115 [Test worker] DEBUG org.springframework.boot.test.context.SpringBootTestContextBootstrapper - Skipping candidate TestExecutionListener [org.springframework.test.context.jdbc.SqlScriptsTestExecutionListener] due to a missing dependency. Specify custom listener classes or make the default listener classes and their required dependencies available. Offending class: [org/springframework/transaction/interceptor/TransactionAttribute]
08:22:13.116 [Test worker] INFO org.springframework.boot.test.context.SpringBootTestContextBootstrapper - Using TestExecutionListeners: [org.springframework.test.context.web.ServletTestExecutionListener@46594f, org.springframework.test.context.support.DirtiesContextBeforeModesTestExecutionListener@5fefaace, org.springframework.boot.test.mock.mockito.MockitoTestExecutionListener@52ef2262, org.springframework.boot.test.autoconfigure.SpringBootDependencyInjectionTestExecutionListener@3f2a33d9, org.springframework.test.context.support.DirtiesContextTestExecutionListener@d149952, org.springframework.test.context.event.EventPublishingTestExecutionListener@2f8febe4, org.springframework.boot.test.autoconfigure.restdocs.RestDocsTestExecutionListener@4d83045, org.springframework.boot.test.autoconfigure.web.client.MockRestServiceServerResetTestExecutionListener@6a027ffc, org.springframework.boot.test.autoconfigure.web.servlet.MockMvcPrintOnlyOnFailureTestExecutionListener@43f5a5e7, org.springframework.boot.test.autoconfigure.web.servlet.WebDriverTestExecutionListener@13f5b6b6, org.springframework.boot.test.mock.mockito.ResetMocksTestExecutionListener@566ae695]
08:22:13.162 [Test worker] DEBUG org.springframework.test.context.support.AbstractDirtiesContextTestExecutionListener - Before test class: context [DefaultTestContext@5d2d1b7a testClass = CarRentalApplicationTests, testInstance = [null], testMethod = [null], testException = [null], mergedContextConfiguration = [WebMergedContextConfiguration@2be6830 testClass = CarRentalApplicationTests, locations = '{}', classes = '{class com.example.CarRental.CarRentalApplication}', contextInitializerClasses = '[]', activeProfiles = '{}', propertySourceLocations = '{}', propertySourceProperties = '{org.springframework.boot.test.context.SpringBootTestContextBootstrapper=true}', contextCustomizers = set[org.springframework.boot.test.autoconfigure.properties.PropertyMappingContextCustomizer@0, org.springframework.boot.test.autoconfigure.web.servlet.WebDriverContextCustomizerFactory$Customizer@7ff12b11, org.springframework.boot.test.context.filter.ExcludeFilterContextCustomizer@5852c39d, org.springframework.boot.test.json.DuplicateJsonObjectContextCustomizerFactory$DuplicateJsonObjectContextCustomizer@6138300, org.springframework.boot.test.mock.mockito.MockitoContextCustomizer@0, org.springframework.boot.test.web.client.TestRestTemplateContextCustomizer@6d631faf], resourceBasePath = 'src/main/webapp', contextLoader = 'org.springframework.boot.test.context.SpringBootContextLoader', parent = [null]], attributes = map['org.springframework.test.context.web.ServletTestExecutionListener.activateListener' -> true]], class annotated with @DirtiesContext [false] with mode [null].
08:22:13.257 [Test worker] DEBUG org.springframework.test.context.support.TestPropertySourceUtils - Adding inlined properties to environment: {spring.jmx.enabled=false, org.springframework.boot.test.context.SpringBootTestContextBootstrapper=true, server.port=-1}

  .   ____          _            __ _ _
 /\\ / ___'_ __ _ _(_)_ __  __ _ \ \ \ \
( ( )\___ | '_ | '_| | '_ \/ _` | \ \ \ \
 \\/  ___)| |_)| | | | | || (_| |  ) ) ) )
  '  |____| .__|_| |_|_| |_\__, | / / / /
 =========|_|==============|___/=/_/_/_/
 :: Spring Boot ::        (v2.2.1.RELEASE)

2019-11-29 08:22:13.923  INFO 5072 --- [    Test worker] c.e.CarRental.CarRentalApplicationTests  : Starting CarRentalApplicationTests on PC_Randy with PID 5072 (started by Randy in C:\Users\Randy\Documents\EFREI\M1\Cloud\Rest\CarRental\CarRental)
2019-11-29 08:22:13.926  INFO 5072 --- [    Test worker] c.e.CarRental.CarRentalApplicationTests  : No active profile set, falling back to default profiles: default
2019-11-29 08:22:17.091  INFO 5072 --- [    Test worker] o.s.s.concurrent.ThreadPoolTaskExecutor  : Initializing ExecutorService 'applicationTaskExecutor'
2019-11-29 08:22:17.669  INFO 5072 --- [    Test worker] c.e.CarRental.CarRentalApplicationTests  : Started CarRentalApplicationTests in 4.398 seconds (JVM running for 7.94)
]]></system-out>
  <system-err><![CDATA[]]></system-err>
</testsuite>
