<?xml version="1.0" encoding="UTF-8"?>
<testsuite name="fr.efrei.Lab1.Lab1ApplicationTests" tests="1" skipped="0" failures="0" errors="0" timestamp="2019-10-15T15:19:09" hostname="PC_Randy" time="0.716">
  <properties/>
  <testcase name="contextLoads" classname="fr.efrei.Lab1.Lab1ApplicationTests" time="0.716"/>
  <system-out><![CDATA[17:18:58.242 [Test worker] DEBUG org.springframework.test.context.junit4.SpringJUnit4ClassRunner - SpringJUnit4ClassRunner constructor called with [class fr.efrei.Lab1.Lab1ApplicationTests]
17:18:58.308 [Test worker] DEBUG org.springframework.test.context.BootstrapUtils - Instantiating CacheAwareContextLoaderDelegate from class [org.springframework.test.context.cache.DefaultCacheAwareContextLoaderDelegate]
17:18:58.341 [Test worker] DEBUG org.springframework.test.context.BootstrapUtils - Instantiating BootstrapContext using constructor [public org.springframework.test.context.support.DefaultBootstrapContext(java.lang.Class,org.springframework.test.context.CacheAwareContextLoaderDelegate)]
17:18:58.397 [Test worker] DEBUG org.springframework.test.context.BootstrapUtils - Instantiating TestContextBootstrapper for test class [fr.efrei.Lab1.Lab1ApplicationTests] from class [org.springframework.boot.test.context.SpringBootTestContextBootstrapper]
17:18:58.624 [Test worker] INFO org.springframework.boot.test.context.SpringBootTestContextBootstrapper - Neither @ContextConfiguration nor @ContextHierarchy found for test class [fr.efrei.Lab1.Lab1ApplicationTests], using SpringBootContextLoader
17:18:58.664 [Test worker] DEBUG org.springframework.test.context.support.AbstractContextLoader - Did not detect default resource location for test class [fr.efrei.Lab1.Lab1ApplicationTests]: class path resource [fr/efrei/Lab1/Lab1ApplicationTests-context.xml] does not exist
17:18:58.665 [Test worker] DEBUG org.springframework.test.context.support.AbstractContextLoader - Did not detect default resource location for test class [fr.efrei.Lab1.Lab1ApplicationTests]: class path resource [fr/efrei/Lab1/Lab1ApplicationTestsContext.groovy] does not exist
17:18:58.666 [Test worker] INFO org.springframework.test.context.support.AbstractContextLoader - Could not detect default resource locations for test class [fr.efrei.Lab1.Lab1ApplicationTests]: no resource found for suffixes {-context.xml, Context.groovy}.
17:18:58.696 [Test worker] INFO org.springframework.test.context.support.AnnotationConfigContextLoaderUtils - Could not detect default configuration classes for test class [fr.efrei.Lab1.Lab1ApplicationTests]: Lab1ApplicationTests does not declare any static, non-private, non-final, nested classes annotated with @Configuration.
17:18:59.455 [Test worker] DEBUG org.springframework.test.context.support.ActiveProfilesUtils - Could not find an 'annotation declaring class' for annotation type [org.springframework.test.context.ActiveProfiles] and class [fr.efrei.Lab1.Lab1ApplicationTests]
17:18:59.651 [Test worker] DEBUG org.springframework.context.annotation.ClassPathScanningCandidateComponentProvider - Identified candidate component class: file [C:\Users\Randy\Documents\EFREI\M1\Cloud\Lab1\build\classes\java\main\fr\efrei\Lab1\Lab1Application.class]
17:18:59.653 [Test worker] INFO org.springframework.boot.test.context.SpringBootTestContextBootstrapper - Found @SpringBootConfiguration fr.efrei.Lab1.Lab1Application for test class fr.efrei.Lab1.Lab1ApplicationTests
17:18:59.920 [Test worker] DEBUG org.springframework.boot.test.context.SpringBootTestContextBootstrapper - @TestExecutionListeners is not present for class [fr.efrei.Lab1.Lab1ApplicationTests]: using defaults.
17:18:59.921 [Test worker] INFO org.springframework.boot.test.context.SpringBootTestContextBootstrapper - Loaded default TestExecutionListener class names from location [META-INF/spring.factories]: [org.springframework.boot.test.autoconfigure.restdocs.RestDocsTestExecutionListener, org.springframework.boot.test.autoconfigure.web.client.MockRestServiceServerResetTestExecutionListener, org.springframework.boot.test.autoconfigure.web.servlet.MockMvcPrintOnlyOnFailureTestExecutionListener, org.springframework.boot.test.autoconfigure.web.servlet.WebDriverTestExecutionListener, org.springframework.boot.test.mock.mockito.MockitoTestExecutionListener, org.springframework.boot.test.mock.mockito.ResetMocksTestExecutionListener, org.springframework.test.context.web.ServletTestExecutionListener, org.springframework.test.context.support.DirtiesContextBeforeModesTestExecutionListener, org.springframework.test.context.support.DependencyInjectionTestExecutionListener, org.springframework.test.context.support.DirtiesContextTestExecutionListener, org.springframework.test.context.transaction.TransactionalTestExecutionListener, org.springframework.test.context.jdbc.SqlScriptsTestExecutionListener]
17:18:59.990 [Test worker] INFO org.springframework.boot.test.context.SpringBootTestContextBootstrapper - Using TestExecutionListeners: [org.springframework.test.context.web.ServletTestExecutionListener@7b969fb9, org.springframework.test.context.support.DirtiesContextBeforeModesTestExecutionListener@51b021e0, org.springframework.boot.test.mock.mockito.MockitoTestExecutionListener@6f1c89f6, org.springframework.boot.test.autoconfigure.SpringBootDependencyInjectionTestExecutionListener@4a8d6ff9, org.springframework.test.context.support.DirtiesContextTestExecutionListener@5294a46, org.springframework.test.context.transaction.TransactionalTestExecutionListener@5546d422, org.springframework.test.context.jdbc.SqlScriptsTestExecutionListener@5e9ea445, org.springframework.boot.test.autoconfigure.restdocs.RestDocsTestExecutionListener@7fcdfac8, org.springframework.boot.test.autoconfigure.web.client.MockRestServiceServerResetTestExecutionListener@30f9e40d, org.springframework.boot.test.autoconfigure.web.servlet.MockMvcPrintOnlyOnFailureTestExecutionListener@53fdd1f4, org.springframework.boot.test.autoconfigure.web.servlet.WebDriverTestExecutionListener@78eaeb42, org.springframework.boot.test.mock.mockito.ResetMocksTestExecutionListener@6861552d]
17:19:00.010 [Test worker] DEBUG org.springframework.test.annotation.ProfileValueUtils - Retrieved @ProfileValueSourceConfiguration [null] for test class [fr.efrei.Lab1.Lab1ApplicationTests]
17:19:00.011 [Test worker] DEBUG org.springframework.test.annotation.ProfileValueUtils - Retrieved ProfileValueSource type [class org.springframework.test.annotation.SystemProfileValueSource] for class [fr.efrei.Lab1.Lab1ApplicationTests]
17:19:00.013 [Test worker] DEBUG org.springframework.test.annotation.ProfileValueUtils - Retrieved @ProfileValueSourceConfiguration [null] for test class [fr.efrei.Lab1.Lab1ApplicationTests]
17:19:00.013 [Test worker] DEBUG org.springframework.test.annotation.ProfileValueUtils - Retrieved ProfileValueSource type [class org.springframework.test.annotation.SystemProfileValueSource] for class [fr.efrei.Lab1.Lab1ApplicationTests]
17:19:00.076 [Test worker] DEBUG org.springframework.test.context.support.AbstractDirtiesContextTestExecutionListener - Before test class: context [DefaultTestContext@1d1bd530 testClass = Lab1ApplicationTests, testInstance = [null], testMethod = [null], testException = [null], mergedContextConfiguration = [WebMergedContextConfiguration@7895ee0c testClass = Lab1ApplicationTests, locations = '{}', classes = '{class fr.efrei.Lab1.Lab1Application}', contextInitializerClasses = '[]', activeProfiles = '{}', propertySourceLocations = '{}', propertySourceProperties = '{org.springframework.boot.test.context.SpringBootTestContextBootstrapper=true}', contextCustomizers = set[org.springframework.boot.test.autoconfigure.properties.PropertyMappingContextCustomizer@0, org.springframework.boot.test.autoconfigure.web.servlet.WebDriverContextCustomizerFactory$Customizer@435265a, org.springframework.boot.test.context.filter.ExcludeFilterContextCustomizer@40e9fb5e, org.springframework.boot.test.json.DuplicateJsonObjectContextCustomizerFactory$DuplicateJsonObjectContextCustomizer@2125e184, org.springframework.boot.test.mock.mockito.MockitoContextCustomizer@0, org.springframework.boot.test.web.client.TestRestTemplateContextCustomizer@17587cfd], resourceBasePath = 'src/main/webapp', contextLoader = 'org.springframework.boot.test.context.SpringBootContextLoader', parent = [null]], attributes = map['org.springframework.test.context.web.ServletTestExecutionListener.activateListener' -> true]], class annotated with @DirtiesContext [false] with mode [null].
17:19:00.077 [Test worker] DEBUG org.springframework.test.annotation.ProfileValueUtils - Retrieved @ProfileValueSourceConfiguration [null] for test class [fr.efrei.Lab1.Lab1ApplicationTests]
17:19:00.078 [Test worker] DEBUG org.springframework.test.annotation.ProfileValueUtils - Retrieved ProfileValueSource type [class org.springframework.test.annotation.SystemProfileValueSource] for class [fr.efrei.Lab1.Lab1ApplicationTests]
17:19:00.131 [Test worker] DEBUG org.springframework.test.context.support.TestPropertySourceUtils - Adding inlined properties to environment: {spring.jmx.enabled=false, org.springframework.boot.test.context.SpringBootTestContextBootstrapper=true, server.port=-1}

  .   ____          _            __ _ _
 /\\ / ___'_ __ _ _(_)_ __  __ _ \ \ \ \
( ( )\___ | '_ | '_| | '_ \/ _` | \ \ \ \
 \\/  ___)| |_)| | | | | || (_| |  ) ) ) )
  '  |____| .__|_| |_|_| |_\__, | / / / /
 =========|_|==============|___/=/_/_/_/
 :: Spring Boot ::        (v2.1.9.RELEASE)

2019-10-15 17:19:01.147  INFO 15468 --- [    Test worker] fr.efrei.Lab1.Lab1ApplicationTests       : Starting Lab1ApplicationTests on PC_Randy with PID 15468 (started by Randy in C:\Users\Randy\Documents\EFREI\M1\Cloud\Lab1)
2019-10-15 17:19:01.162  INFO 15468 --- [    Test worker] fr.efrei.Lab1.Lab1ApplicationTests       : No active profile set, falling back to default profiles: default
2019-10-15 17:19:03.135  INFO 15468 --- [    Test worker] .s.d.r.c.RepositoryConfigurationDelegate : Bootstrapping Spring Data repositories in DEFAULT mode.
2019-10-15 17:19:03.183  INFO 15468 --- [    Test worker] .s.d.r.c.RepositoryConfigurationDelegate : Finished Spring Data repository scanning in 35ms. Found 0 repository interfaces.
2019-10-15 17:19:04.300  INFO 15468 --- [    Test worker] trationDelegate$BeanPostProcessorChecker : Bean 'org.springframework.transaction.annotation.ProxyTransactionManagementConfiguration' of type [org.springframework.transaction.annotation.ProxyTransactionManagementConfiguration$$EnhancerBySpringCGLIB$$4166f71] is not eligible for getting processed by all BeanPostProcessors (for example: not eligible for auto-proxying)
2019-10-15 17:19:05.459  INFO 15468 --- [    Test worker] com.zaxxer.hikari.HikariDataSource       : HikariPool-1 - Starting...
2019-10-15 17:19:05.790  INFO 15468 --- [    Test worker] com.zaxxer.hikari.HikariDataSource       : HikariPool-1 - Start completed.
2019-10-15 17:19:06.035  INFO 15468 --- [    Test worker] o.hibernate.jpa.internal.util.LogHelper  : HHH000204: Processing PersistenceUnitInfo [
	name: default
	...]
2019-10-15 17:19:06.176  INFO 15468 --- [    Test worker] org.hibernate.Version                    : HHH000412: Hibernate Core {5.3.12.Final}
2019-10-15 17:19:06.181  INFO 15468 --- [    Test worker] org.hibernate.cfg.Environment            : HHH000206: hibernate.properties not found
2019-10-15 17:19:06.573  INFO 15468 --- [    Test worker] o.hibernate.annotations.common.Version   : HCANN000001: Hibernate Commons Annotations {5.0.4.Final}
2019-10-15 17:19:06.904  INFO 15468 --- [    Test worker] org.hibernate.dialect.Dialect            : HHH000400: Using dialect: org.hibernate.dialect.H2Dialect
2019-10-15 17:19:07.335  INFO 15468 --- [    Test worker] o.h.t.schema.internal.SchemaCreatorImpl  : HHH000476: Executing import script 'org.hibernate.tool.schema.internal.exec.ScriptSourceInputNonExistentImpl@62faa0'
2019-10-15 17:19:07.341  INFO 15468 --- [    Test worker] j.LocalContainerEntityManagerFactoryBean : Initialized JPA EntityManagerFactory for persistence unit 'default'
2019-10-15 17:19:08.823  INFO 15468 --- [    Test worker] o.s.s.concurrent.ThreadPoolTaskExecutor  : Initializing ExecutorService 'applicationTaskExecutor'
2019-10-15 17:19:08.948  WARN 15468 --- [    Test worker] aWebConfiguration$JpaWebMvcConfiguration : spring.jpa.open-in-view is enabled by default. Therefore, database queries may be performed during view rendering. Explicitly configure spring.jpa.open-in-view to disable this warning
2019-10-15 17:19:09.739  INFO 15468 --- [    Test worker] fr.efrei.Lab1.Lab1ApplicationTests       : Started Lab1ApplicationTests in 9.566 seconds (JVM running for 21.847)
]]></system-out>
  <system-err><![CDATA[]]></system-err>
</testsuite>
